[debug] [2026-01-03T14:30:57.902Z] ----------------------------------------------------------------------
[debug] [2026-01-03T14:30:57.906Z] Command:       C:\Program Files\nodejs\node.exe C:\Users\ADMIN\AppData\Roaming\npm\node_modules\firebase-tools\lib\bin\firebase.js emulators:start --only firestore --debug
[debug] [2026-01-03T14:30:57.908Z] CLI Version:   15.1.0
[debug] [2026-01-03T14:30:57.909Z] Platform:      win32
[debug] [2026-01-03T14:30:57.909Z] Node Version:  v22.20.0
[debug] [2026-01-03T14:30:57.909Z] Time:          Sat Jan 03 2026 20:00:57 GMT+0530 (India Standard Time)
[debug] [2026-01-03T14:30:57.909Z] ----------------------------------------------------------------------
[debug] 
[debug] [2026-01-03T14:31:00.814Z] > command requires scopes: ["email","openid","https://www.googleapis.com/auth/cloudplatformprojects.readonly","https://www.googleapis.com/auth/firebase","https://www.googleapis.com/auth/cloud-platform"]
[debug] [2026-01-03T14:31:00.817Z] > authorizing via signed-in user (likhichand@gmail.com)
[debug] [2026-01-03T14:31:01.036Z] openjdk version "25.0.1" 2025-10-21 LTS

[debug] [2026-01-03T14:31:01.038Z] OpenJDK Runtime Environment Temurin-25.0.1+8 (build 25.0.1+8-LTS)
OpenJDK 64-Bit Server VM Temurin-25.0.1+8 (build 25.0.1+8-LTS, mixed mode, sharing)

[debug] [2026-01-03T14:31:01.055Z] Parsed Java major version: 25
[info] i  emulators: Starting emulators: firestore {"metadata":{"emulator":{"name":"hub"},"message":"Starting emulators: firestore"}}
[debug] [2026-01-03T14:31:01.107Z] [logging] Logging Emulator only supports listening on one address (127.0.0.1). Not listening on ::1
[debug] [2026-01-03T14:31:01.108Z] [firestore] Firestore Emulator only supports listening on one address (127.0.0.1). Not listening on ::1
[debug] [2026-01-03T14:31:01.109Z] [firestore.websocket] websocket server for firestore only supports listening on one address (127.0.0.1). Not listening on ::1
[debug] [2026-01-03T14:31:01.110Z] assigned listening specs for emulators {"user":{"hub":[{"address":"127.0.0.1","family":"IPv4","port":4400},{"address":"::1","family":"IPv6","port":4400}],"ui":[{"address":"127.0.0.1","family":"IPv4","port":4000},{"address":"::1","family":"IPv6","port":4000}],"logging":[{"address":"127.0.0.1","family":"IPv4","port":4500}],"firestore":[{"address":"127.0.0.1","family":"IPv4","port":8080}],"firestore.websocket":[{"address":"127.0.0.1","family":"IPv4","port":9150}]},"metadata":{"message":"assigned listening specs for emulators"}}
[debug] [2026-01-03T14:31:01.124Z] Emulator locator file path: C:\Users\ADMIN\AppData\Local\Temp\hub-astravyn-landing.json
[warn] !  emulators: It seems that you are running multiple instances of the emulator suite for project astravyn-landing. This may result in unexpected behavior. 
[debug] [2026-01-03T14:31:01.126Z] [hub] writing locator at C:\Users\ADMIN\AppData\Local\Temp\hub-astravyn-landing.json
[debug] [2026-01-03T14:31:01.154Z] Ignoring unsupported arg: auto_download {"metadata":{"emulator":{"name":"firestore"},"message":"Ignoring unsupported arg: auto_download"}}
[debug] [2026-01-03T14:31:01.157Z] Ignoring unsupported arg: single_project_mode_error {"metadata":{"emulator":{"name":"firestore"},"message":"Ignoring unsupported arg: single_project_mode_error"}}
[debug] [2026-01-03T14:31:01.159Z] Starting Firestore Emulator with command {"binary":"java","args":["-Dgoogle.cloud_firestore.debug_log_level=FINE","-Duser.language=en","-jar","C:\\Users\\ADMIN\\.cache\\firebase\\emulators\\cloud-firestore-emulator-v1.20.2.jar","--host","127.0.0.1","--port",8080,"--websocket_port",9150,"--project_id","astravyn-landing","--rules","D:\\vsdode---\\astravyn-landing---- - Copy (2)diployed working time sheet\\firestore.rules","--single_project_mode",true],"optionalArgs":["port","webchannel_port","host","rules","websocket_port","functions_emulator","seed_from_export","project_id","single_project_mode"],"joinArgs":false,"shell":false,"port":8080} {"metadata":{"emulator":{"name":"firestore"},"message":"Starting Firestore Emulator with command {\"binary\":\"java\",\"args\":[\"-Dgoogle.cloud_firestore.debug_log_level=FINE\",\"-Duser.language=en\",\"-jar\",\"C:\\\\Users\\\\ADMIN\\\\.cache\\\\firebase\\\\emulators\\\\cloud-firestore-emulator-v1.20.2.jar\",\"--host\",\"127.0.0.1\",\"--port\",8080,\"--websocket_port\",9150,\"--project_id\",\"astravyn-landing\",\"--rules\",\"D:\\\\vsdode---\\\\astravyn-landing---- - Copy (2)diployed working time sheet\\\\firestore.rules\",\"--single_project_mode\",true],\"optionalArgs\":[\"port\",\"webchannel_port\",\"host\",\"rules\",\"websocket_port\",\"functions_emulator\",\"seed_from_export\",\"project_id\",\"single_project_mode\"],\"joinArgs\":false,\"shell\":false,\"port\":8080}"}}
[info] i  firestore: Firestore Emulator logging to firestore-debug.log {"metadata":{"emulator":{"name":"firestore"},"message":"Firestore Emulator logging to \u001b[1mfirestore-debug.log\u001b[22m"}}
[debug] [2026-01-03T14:31:02.376Z] WARNING: A terminally deprecated method in sun.misc.Unsafe has been called
WARNING: sun.misc.Unsafe::allocateMemory has been called by io.netty.util.internal.PlatformDependent0$2 (file:/C:/Users/ADMIN/.cache/firebase/emulators/cloud-firestore-emulator-v1.20.2.jar)
WARNING: Please consider reporting this to the maintainers of class io.netty.util.internal.PlatformDependent0$2
WARNING: sun.misc.Unsafe::allocateMemory will be removed in a future release
 {"metadata":{"emulator":{"name":"firestore"},"message":"WARNING: A terminally deprecated method in sun.misc.Unsafe has been called\nWARNING: sun.misc.Unsafe::allocateMemory has been called by io.netty.util.internal.PlatformDependent0$2 (file:/C:/Users/ADMIN/.cache/firebase/emulators/cloud-firestore-emulator-v1.20.2.jar)\nWARNING: Please consider reporting this to the maintainers of class io.netty.util.internal.PlatformDependent0$2\nWARNING: sun.misc.Unsafe::allocateMemory will be removed in a future release\r\n"}}
[debug] [2026-01-03T14:31:04.300Z] Jan 03, 2026 8:01:04 PM com.google.cloud.datastore.emulator.firestore.websocket.WebSocketServer start
INFO: Started WebSocket server on ws://127.0.0.1:9150
 {"metadata":{"emulator":{"name":"firestore"},"message":"Jan 03, 2026 8:01:04 PM com.google.cloud.datastore.emulator.firestore.websocket.WebSocketServer start\r\nINFO: Started WebSocket server on ws://127.0.0.1:9150\r\n"}}
[debug] [2026-01-03T14:31:04.395Z] API endpoint: http:// {"metadata":{"emulator":{"name":"firestore"},"message":"API endpoint: http://"}}
[debug] [2026-01-03T14:31:04.396Z] 127.0.0.1:8080
If you are using a library that supports the FIRESTORE_EMULATOR_HOST environment variable, run:

   export FIRESTORE_EMULATOR_HOST=127.0.0.1:8080

If you are running a Firestore in Datastore Mode project, run:

   export DATASTORE_EMULATOR_HOST=127.0.0.1:8080

Note: Support for Datastore Mode is in preview. If you encounter any bugs please file at https://github.com/firebase/firebase-tools/issues.
Dev App Server is now running.

 {"metadata":{"emulator":{"name":"firestore"},"message":"127.0.0.1:8080\nIf you are using a library that supports the FIRESTORE_EMULATOR_HOST environment variable, run:\r\n\n   export FIRESTORE_EMULATOR_HOST=127.0.0.1:8080\n\nIf you are running a Firestore in Datastore Mode project, run:\r\n\n   export DATASTORE_EMULATOR_HOST=127.0.0.1:8080\n\nNote: Support for Datastore Mode is in preview. If you encounter any bugs please file at https://github.com/firebase/firebase-tools/issues.\r\nDev App Server is now running.\n\r\n"}}
[info] +  firestore: Firestore Emulator UI websocket is running on 9150. {"metadata":{"emulator":{"name":"firestore"},"message":"Firestore Emulator UI websocket is running on 9150."}}
[debug] [2026-01-03T14:31:04.649Z] Could not find VSCode notification endpoint: FetchError: request to http://localhost:40001/vscode/notify failed, reason: . If you are not running the Firebase Data Connect VSCode extension, this is expected and not an issue.
[info] 
┌─────────────────────────────────────────────────────────────┐
│ ✔  All emulators ready! It is now safe to connect your app. │
│ i  View Emulator UI at http://127.0.0.1:4000/               │
└─────────────────────────────────────────────────────────────┘

┌───────────┬────────────────┬─────────────────────────────────┐
│ Emulator  │ Host:Port      │ View in Emulator UI             │
├───────────┼────────────────┼─────────────────────────────────┤
│ Firestore │ 127.0.0.1:8080 │ http://127.0.0.1:4000/firestore │
└───────────┴────────────────┴─────────────────────────────────┘
  Emulator Hub host: 127.0.0.1 port: 4400
  Other reserved ports: 4500, 9150

Issues? Report them at https://github.com/firebase/firebase-tools/issues and attach the *-debug.log files.
 
[debug] [2026-01-03T14:31:32.560Z] Jan 03, 2026 8:01:32 PM io.gapi.emulators.netty.HttpVersionRoutingHandler channelRead
INFO: Detected non-HTTP/2 connection.
 {"metadata":{"emulator":{"name":"firestore"},"message":"Jan 03, 2026 8:01:32 PM io.gapi.emulators.netty.HttpVersionRoutingHandler channelRead\r\nINFO: Detected non-HTTP/2 connection.\r\n"}}
[debug] [2026-01-03T14:31:32.659Z] Jan 03, 2026 8:01:32 PM io.gapi.emulators.netty.NotFoundHandler handleRequest
INFO: Unknown request URI: /v1/health
 {"metadata":{"emulator":{"name":"firestore"},"message":"Jan 03, 2026 8:01:32 PM io.gapi.emulators.netty.NotFoundHandler handleRequest\r\nINFO: Unknown request URI: /v1/health\r\n"}}
[debug] [2026-01-03T14:32:02.556Z] Jan 03, 2026 8:02:02 PM io.gapi.emulators.netty.HttpVersionRoutingHandler channelRead
INFO: Detected non-HTTP/2 connection.
 {"metadata":{"emulator":{"name":"firestore"},"message":"Jan 03, 2026 8:02:02 PM io.gapi.emulators.netty.HttpVersionRoutingHandler channelRead\r\nINFO: Detected non-HTTP/2 connection.\r\n"}}
[debug] [2026-01-03T14:32:02.576Z] Jan 03, 2026 8:02:02 PM io.gapi.emulators.netty.NotFoundHandler handleRequest
INFO: Unknown request URI: /v1/health
 {"metadata":{"emulator":{"name":"firestore"},"message":"Jan 03, 2026 8:02:02 PM io.gapi.emulators.netty.NotFoundHandler handleRequest\r\nINFO: Unknown request URI: /v1/health\r\n"}}
[debug] [2026-01-03T14:32:32.566Z] Jan 03, 2026 8:02:32 PM io.gapi.emulators.netty.HttpVersionRoutingHandler channelRead
INFO: Detected non-HTTP/2 connection.
 {"metadata":{"emulator":{"name":"firestore"},"message":"Jan 03, 2026 8:02:32 PM io.gapi.emulators.netty.HttpVersionRoutingHandler channelRead\r\nINFO: Detected non-HTTP/2 connection.\r\n"}}
[debug] [2026-01-03T14:32:32.576Z] Jan 03, 2026 8:02:32 PM io.gapi.emulators.netty.NotFoundHandler handleRequest
INFO: Unknown request URI: /v1/health
 {"metadata":{"emulator":{"name":"firestore"},"message":"Jan 03, 2026 8:02:32 PM io.gapi.emulators.netty.NotFoundHandler handleRequest\r\nINFO: Unknown request URI: /v1/health\r\n"}}
[debug] [2026-01-03T14:33:02.580Z] Jan 03, 2026 8:03:02 PM io.gapi.emulators.netty.HttpVersionRoutingHandler channelRead
INFO: Detected non-HTTP/2 connection.
 {"metadata":{"emulator":{"name":"firestore"},"message":"Jan 03, 2026 8:03:02 PM io.gapi.emulators.netty.HttpVersionRoutingHandler channelRead\r\nINFO: Detected non-HTTP/2 connection.\r\n"}}
[debug] [2026-01-03T14:33:02.594Z] Jan 03, 2026 8:03:02 PM io.gapi.emulators.netty.NotFoundHandler handleRequest
INFO: Unknown request URI: /v1/health
 {"metadata":{"emulator":{"name":"firestore"},"message":"Jan 03, 2026 8:03:02 PM io.gapi.emulators.netty.NotFoundHandler handleRequest\r\nINFO: Unknown request URI: /v1/health\r\n"}}
[debug] [2026-01-03T14:33:32.586Z] Jan 03, 2026 8:03:32 PM io.gapi.emulators.netty.HttpVersionRoutingHandler channelRead
INFO: Detected non-HTTP/2 connection.
 {"metadata":{"emulator":{"name":"firestore"},"message":"Jan 03, 2026 8:03:32 PM io.gapi.emulators.netty.HttpVersionRoutingHandler channelRead\r\nINFO: Detected non-HTTP/2 connection.\r\n"}}
[debug] [2026-01-03T14:33:32.600Z] Jan 03, 2026 8:03:32 PM io.gapi.emulators.netty.NotFoundHandler handleRequest
INFO: Unknown request URI: /v1/health
 {"metadata":{"emulator":{"name":"firestore"},"message":"Jan 03, 2026 8:03:32 PM io.gapi.emulators.netty.NotFoundHandler handleRequest\r\nINFO: Unknown request URI: /v1/health\r\n"}}
[debug] [2026-01-03T14:34:02.592Z] Jan 03, 2026 8:04:02 PM io.gapi.emulators.netty.HttpVersionRoutingHandler channelRead
INFO: Detected non-HTTP/2 connection.
 {"metadata":{"emulator":{"name":"firestore"},"message":"Jan 03, 2026 8:04:02 PM io.gapi.emulators.netty.HttpVersionRoutingHandler channelRead\r\nINFO: Detected non-HTTP/2 connection.\r\n"}}
[debug] [2026-01-03T14:34:02.616Z] Jan 03, 2026 8:04:02 PM io.gapi.emulators.netty.NotFoundHandler handleRequest
INFO: Unknown request URI: /v1/health
 {"metadata":{"emulator":{"name":"firestore"},"message":"Jan 03, 2026 8:04:02 PM io.gapi.emulators.netty.NotFoundHandler handleRequest\r\nINFO: Unknown request URI: /v1/health\r\n"}}
[debug] [2026-01-03T14:34:32.601Z] Jan 03, 2026 8:04:32 PM io.gapi.emulators.netty.HttpVersionRoutingHandler channelRead
INFO: Detected non-HTTP/2 connection.
 {"metadata":{"emulator":{"name":"firestore"},"message":"Jan 03, 2026 8:04:32 PM io.gapi.emulators.netty.HttpVersionRoutingHandler channelRead\r\nINFO: Detected non-HTTP/2 connection.\r\n"}}
[debug] [2026-01-03T14:34:32.621Z] Jan 03, 2026 8:04:32 PM io.gapi.emulators.netty.NotFoundHandler handleRequest
INFO: Unknown request URI: /v1/health
 {"metadata":{"emulator":{"name":"firestore"},"message":"Jan 03, 2026 8:04:32 PM io.gapi.emulators.netty.NotFoundHandler handleRequest\r\nINFO: Unknown request URI: /v1/health\r\n"}}
[debug] [2026-01-03T14:35:02.608Z] Jan 03, 2026 8:05:02 PM io.gapi.emulators.netty.HttpVersionRoutingHandler channelRead
INFO: Detected non-HTTP/2 connection.
 {"metadata":{"emulator":{"name":"firestore"},"message":"Jan 03, 2026 8:05:02 PM io.gapi.emulators.netty.HttpVersionRoutingHandler channelRead\r\nINFO: Detected non-HTTP/2 connection.\r\n"}}
[debug] [2026-01-03T14:35:02.613Z] Jan 03, 2026 8:05:02 PM io.gapi.emulators.netty.NotFoundHandler handleRequest
INFO: Unknown request URI: /v1/health
 {"metadata":{"emulator":{"name":"firestore"},"message":"Jan 03, 2026 8:05:02 PM io.gapi.emulators.netty.NotFoundHandler handleRequest\r\nINFO: Unknown request URI: /v1/health\r\n"}}
[debug] [2026-01-03T14:35:32.620Z] Jan 03, 2026 8:05:32 PM io.gapi.emulators.netty.HttpVersionRoutingHandler channelRead
INFO: Detected non-HTTP/2 connection.
 {"metadata":{"emulator":{"name":"firestore"},"message":"Jan 03, 2026 8:05:32 PM io.gapi.emulators.netty.HttpVersionRoutingHandler channelRead\r\nINFO: Detected non-HTTP/2 connection.\r\n"}}
[debug] [2026-01-03T14:35:32.624Z] Jan 03, 2026 8:05:32 PM io.gapi.emulators.netty.NotFoundHandler handleRequest
INFO: Unknown request URI: /v1/health
 {"metadata":{"emulator":{"name":"firestore"},"message":"Jan 03, 2026 8:05:32 PM io.gapi.emulators.netty.NotFoundHandler handleRequest\r\nINFO: Unknown request URI: /v1/health\r\n"}}
[debug] [2026-01-03T14:36:02.629Z] Jan 03, 2026 8:06:02 PM io.gapi.emulators.netty.HttpVersionRoutingHandler channelRead
INFO: Detected non-HTTP/2 connection.
 {"metadata":{"emulator":{"name":"firestore"},"message":"Jan 03, 2026 8:06:02 PM io.gapi.emulators.netty.HttpVersionRoutingHandler channelRead\r\nINFO: Detected non-HTTP/2 connection.\r\n"}}
[debug] [2026-01-03T14:36:02.642Z] Jan 03, 2026 8:06:02 PM io.gapi.emulators.netty.NotFoundHandler handleRequest
INFO: Unknown request URI: /v1/health
 {"metadata":{"emulator":{"name":"firestore"},"message":"Jan 03, 2026 8:06:02 PM io.gapi.emulators.netty.NotFoundHandler handleRequest\r\nINFO: Unknown request URI: /v1/health\r\n"}}
[debug] [2026-01-03T14:36:32.629Z] Jan 03, 2026 8:06:32 PM io.gapi.emulators.netty.HttpVersionRoutingHandler channelRead
INFO: Detected non-HTTP/2 connection.
 {"metadata":{"emulator":{"name":"firestore"},"message":"Jan 03, 2026 8:06:32 PM io.gapi.emulators.netty.HttpVersionRoutingHandler channelRead\r\nINFO: Detected non-HTTP/2 connection.\r\n"}}
[debug] [2026-01-03T14:36:32.634Z] Jan 03, 2026 8:06:32 PM io.gapi.emulators.netty.NotFoundHandler handleRequest
INFO: Unknown request URI: /v1/health
 {"metadata":{"emulator":{"name":"firestore"},"message":"Jan 03, 2026 8:06:32 PM io.gapi.emulators.netty.NotFoundHandler handleRequest\r\nINFO: Unknown request URI: /v1/health\r\n"}}
[debug] [2026-01-03T14:37:02.637Z] Jan 03, 2026 8:07:02 PM io.gapi.emulators.netty.HttpVersionRoutingHandler channelRead
INFO: Detected non-HTTP/2 connection.
 {"metadata":{"emulator":{"name":"firestore"},"message":"Jan 03, 2026 8:07:02 PM io.gapi.emulators.netty.HttpVersionRoutingHandler channelRead\r\nINFO: Detected non-HTTP/2 connection.\r\n"}}
[debug] [2026-01-03T14:37:02.642Z] Jan 03, 2026 8:07:02 PM io.gapi.emulators.netty.NotFoundHandler handleRequest
INFO: Unknown request URI: /v1/health
 {"metadata":{"emulator":{"name":"firestore"},"message":"Jan 03, 2026 8:07:02 PM io.gapi.emulators.netty.NotFoundHandler handleRequest\r\nINFO: Unknown request URI: /v1/health\r\n"}}
[debug] [2026-01-03T14:37:32.644Z] Jan 03, 2026 8:07:32 PM io.gapi.emulators.netty.HttpVersionRoutingHandler channelRead
INFO: Detected non-HTTP/2 connection.
 {"metadata":{"emulator":{"name":"firestore"},"message":"Jan 03, 2026 8:07:32 PM io.gapi.emulators.netty.HttpVersionRoutingHandler channelRead\r\nINFO: Detected non-HTTP/2 connection.\r\n"}}
[debug] [2026-01-03T14:37:32.656Z] Jan 03, 2026 8:07:32 PM io.gapi.emulators.netty.NotFoundHandler handleRequest
INFO: Unknown request URI: /v1/health
 {"metadata":{"emulator":{"name":"firestore"},"message":"Jan 03, 2026 8:07:32 PM io.gapi.emulators.netty.NotFoundHandler handleRequest\r\nINFO: Unknown request URI: /v1/health\r\n"}}
[debug] [2026-01-03T14:38:02.649Z] Jan 03, 2026 8:08:02 PM io.gapi.emulators.netty.HttpVersionRoutingHandler channelRead
INFO: Detected non-HTTP/2 connection.
 {"metadata":{"emulator":{"name":"firestore"},"message":"Jan 03, 2026 8:08:02 PM io.gapi.emulators.netty.HttpVersionRoutingHandler channelRead\r\nINFO: Detected non-HTTP/2 connection.\r\n"}}
[debug] [2026-01-03T14:38:02.661Z] Jan 03, 2026 8:08:02 PM io.gapi.emulators.netty.NotFoundHandler handleRequest
INFO: Unknown request URI: /v1/health
 {"metadata":{"emulator":{"name":"firestore"},"message":"Jan 03, 2026 8:08:02 PM io.gapi.emulators.netty.NotFoundHandler handleRequest\r\nINFO: Unknown request URI: /v1/health\r\n"}}
[debug] [2026-01-03T14:38:32.657Z] Jan 03, 2026 8:08:32 PM io.gapi.emulators.netty.HttpVersionRoutingHandler channelRead
INFO: Detected non-HTTP/2 connection.
 {"metadata":{"emulator":{"name":"firestore"},"message":"Jan 03, 2026 8:08:32 PM io.gapi.emulators.netty.HttpVersionRoutingHandler channelRead\r\nINFO: Detected non-HTTP/2 connection.\r\n"}}
[debug] [2026-01-03T14:38:32.667Z] Jan 03, 2026 8:08:32 PM io.gapi.emulators.netty.NotFoundHandler handleRequest
INFO: Unknown request URI: /v1/health
 {"metadata":{"emulator":{"name":"firestore"},"message":"Jan 03, 2026 8:08:32 PM io.gapi.emulators.netty.NotFoundHandler handleRequest\r\nINFO: Unknown request URI: /v1/health\r\n"}}
[debug] [2026-01-03T14:39:02.659Z] Jan 03, 2026 8:09:02 PM io.gapi.emulators.netty.HttpVersionRoutingHandler channelRead
INFO: Detected non-HTTP/2 connection.
 {"metadata":{"emulator":{"name":"firestore"},"message":"Jan 03, 2026 8:09:02 PM io.gapi.emulators.netty.HttpVersionRoutingHandler channelRead\r\nINFO: Detected non-HTTP/2 connection.\r\n"}}
[debug] [2026-01-03T14:39:02.671Z] Jan 03, 2026 8:09:02 PM io.gapi.emulators.netty.NotFoundHandler handleRequest
INFO: Unknown request URI: /v1/health
 {"metadata":{"emulator":{"name":"firestore"},"message":"Jan 03, 2026 8:09:02 PM io.gapi.emulators.netty.NotFoundHandler handleRequest\r\nINFO: Unknown request URI: /v1/health\r\n"}}
[debug] [2026-01-03T14:39:32.672Z] Jan 03, 2026 8:09:32 PM io.gapi.emulators.netty.HttpVersionRoutingHandler channelRead
INFO: Detected non-HTTP/2 connection.
 {"metadata":{"emulator":{"name":"firestore"},"message":"Jan 03, 2026 8:09:32 PM io.gapi.emulators.netty.HttpVersionRoutingHandler channelRead\r\nINFO: Detected non-HTTP/2 connection.\r\n"}}
[debug] [2026-01-03T14:39:32.676Z] Jan 03, 2026 8:09:32 PM io.gapi.emulators.netty.NotFoundHandler handleRequest
INFO: Unknown request URI: /v1/health
 {"metadata":{"emulator":{"name":"firestore"},"message":"Jan 03, 2026 8:09:32 PM io.gapi.emulators.netty.NotFoundHandler handleRequest\r\nINFO: Unknown request URI: /v1/health\r\n"}}
[debug] [2026-01-03T14:40:02.681Z] Jan 03, 2026 8:10:02 PM io.gapi.emulators.netty.HttpVersionRoutingHandler channelRead
INFO: Detected non-HTTP/2 connection.
 {"metadata":{"emulator":{"name":"firestore"},"message":"Jan 03, 2026 8:10:02 PM io.gapi.emulators.netty.HttpVersionRoutingHandler channelRead\r\nINFO: Detected non-HTTP/2 connection.\r\n"}}
[debug] [2026-01-03T14:40:02.688Z] Jan 03, 2026 8:10:02 PM io.gapi.emulators.netty.NotFoundHandler handleRequest
INFO: Unknown request URI: /v1/health
 {"metadata":{"emulator":{"name":"firestore"},"message":"Jan 03, 2026 8:10:02 PM io.gapi.emulators.netty.NotFoundHandler handleRequest\r\nINFO: Unknown request URI: /v1/health\r\n"}}
[debug] [2026-01-03T14:40:32.690Z] Jan 03, 2026 8:10:32 PM io.gapi.emulators.netty.HttpVersionRoutingHandler channelRead
INFO: Detected non-HTTP/2 connection.
 {"metadata":{"emulator":{"name":"firestore"},"message":"Jan 03, 2026 8:10:32 PM io.gapi.emulators.netty.HttpVersionRoutingHandler channelRead\r\nINFO: Detected non-HTTP/2 connection.\r\n"}}
[debug] [2026-01-03T14:40:32.702Z] Jan 03, 2026 8:10:32 PM io.gapi.emulators.netty.NotFoundHandler handleRequest
INFO: Unknown request URI: /v1/health
 {"metadata":{"emulator":{"name":"firestore"},"message":"Jan 03, 2026 8:10:32 PM io.gapi.emulators.netty.NotFoundHandler handleRequest\r\nINFO: Unknown request URI: /v1/health\r\n"}}
[debug] [2026-01-03T14:41:02.720Z] Jan 03, 2026 8:11:02 PM io.gapi.emulators.netty.HttpVersionRoutingHandler channelRead
INFO: Detected non-HTTP/2 connection.
 {"metadata":{"emulator":{"name":"firestore"},"message":"Jan 03, 2026 8:11:02 PM io.gapi.emulators.netty.HttpVersionRoutingHandler channelRead\r\nINFO: Detected non-HTTP/2 connection.\r\n"}}
[debug] [2026-01-03T14:41:02.795Z] Jan 03, 2026 8:11:02 PM io.gapi.emulators.netty.NotFoundHandler handleRequest
INFO: Unknown request URI: /v1/health
 {"metadata":{"emulator":{"name":"firestore"},"message":"Jan 03, 2026 8:11:02 PM io.gapi.emulators.netty.NotFoundHandler handleRequest\r\nINFO: Unknown request URI: /v1/health\r\n"}}
[debug] [2026-01-03T14:41:32.709Z] Jan 03, 2026 8:11:32 PM io.gapi.emulators.netty.HttpVersionRoutingHandler channelRead
INFO: Detected non-HTTP/2 connection.
 {"metadata":{"emulator":{"name":"firestore"},"message":"Jan 03, 2026 8:11:32 PM io.gapi.emulators.netty.HttpVersionRoutingHandler channelRead\r\nINFO: Detected non-HTTP/2 connection.\r\n"}}
[debug] [2026-01-03T14:41:32.713Z] Jan 03, 2026 8:11:32 PM io.gapi.emulators.netty.NotFoundHandler handleRequest
INFO: Unknown request URI: /v1/health
 {"metadata":{"emulator":{"name":"firestore"},"message":"Jan 03, 2026 8:11:32 PM io.gapi.emulators.netty.NotFoundHandler handleRequest\r\nINFO: Unknown request URI: /v1/health\r\n"}}
[debug] [2026-01-03T14:42:02.715Z] Jan 03, 2026 8:12:02 PM io.gapi.emulators.netty.HttpVersionRoutingHandler channelRead
INFO: Detected non-HTTP/2 connection.
 {"metadata":{"emulator":{"name":"firestore"},"message":"Jan 03, 2026 8:12:02 PM io.gapi.emulators.netty.HttpVersionRoutingHandler channelRead\r\nINFO: Detected non-HTTP/2 connection.\r\n"}}
[debug] [2026-01-03T14:42:02.904Z] Jan 03, 2026 8:12:02 PM io.gapi.emulators.netty.NotFoundHandler handleRequest
INFO: Unknown request URI: /v1/health
 {"metadata":{"emulator":{"name":"firestore"},"message":"Jan 03, 2026 8:12:02 PM io.gapi.emulators.netty.NotFoundHandler handleRequest\r\nINFO: Unknown request URI: /v1/health\r\n"}}
[debug] [2026-01-03T14:42:32.723Z] Jan 03, 2026 8:12:32 PM io.gapi.emulators.netty.HttpVersionRoutingHandler channelRead
INFO: Detected non-HTTP/2 connection.
 {"metadata":{"emulator":{"name":"firestore"},"message":"Jan 03, 2026 8:12:32 PM io.gapi.emulators.netty.HttpVersionRoutingHandler channelRead\r\nINFO: Detected non-HTTP/2 connection.\r\n"}}
[debug] [2026-01-03T14:42:32.727Z] Jan 03, 2026 8:12:32 PM io.gapi.emulators.netty.NotFoundHandler handleRequest
INFO: Unknown request URI: /v1/health
 {"metadata":{"emulator":{"name":"firestore"},"message":"Jan 03, 2026 8:12:32 PM io.gapi.emulators.netty.NotFoundHandler handleRequest\r\nINFO: Unknown request URI: /v1/health\r\n"}}
[debug] [2026-01-03T14:43:02.723Z] Jan 03, 2026 8:13:02 PM io.gapi.emulators.netty.HttpVersionRoutingHandler channelRead
INFO: Detected non-HTTP/2 connection.
 {"metadata":{"emulator":{"name":"firestore"},"message":"Jan 03, 2026 8:13:02 PM io.gapi.emulators.netty.HttpVersionRoutingHandler channelRead\r\nINFO: Detected non-HTTP/2 connection.\r\n"}}
[debug] [2026-01-03T14:43:02.733Z] Jan 03, 2026 8:13:02 PM io.gapi.emulators.netty.NotFoundHandler handleRequest
INFO: Unknown request URI: /v1/health
 {"metadata":{"emulator":{"name":"firestore"},"message":"Jan 03, 2026 8:13:02 PM io.gapi.emulators.netty.NotFoundHandler handleRequest\r\nINFO: Unknown request URI: /v1/health\r\n"}}
[debug] [2026-01-03T14:43:32.735Z] Jan 03, 2026 8:13:32 PM io.gapi.emulators.netty.HttpVersionRoutingHandler channelRead
INFO: Detected non-HTTP/2 connection.
 {"metadata":{"emulator":{"name":"firestore"},"message":"Jan 03, 2026 8:13:32 PM io.gapi.emulators.netty.HttpVersionRoutingHandler channelRead\r\nINFO: Detected non-HTTP/2 connection.\r\n"}}
[debug] [2026-01-03T14:43:32.739Z] Jan 03, 2026 8:13:32 PM io.gapi.emulators.netty.NotFoundHandler handleRequest
INFO: Unknown request URI: /v1/health
 {"metadata":{"emulator":{"name":"firestore"},"message":"Jan 03, 2026 8:13:32 PM io.gapi.emulators.netty.NotFoundHandler handleRequest\r\nINFO: Unknown request URI: /v1/health\r\n"}}
[debug] [2026-01-03T14:44:02.737Z] Jan 03, 2026 8:14:02 PM io.gapi.emulators.netty.HttpVersionRoutingHandler channelRead
INFO: Detected non-HTTP/2 connection.
 {"metadata":{"emulator":{"name":"firestore"},"message":"Jan 03, 2026 8:14:02 PM io.gapi.emulators.netty.HttpVersionRoutingHandler channelRead\r\nINFO: Detected non-HTTP/2 connection.\r\n"}}
[debug] [2026-01-03T14:44:02.760Z] Jan 03, 2026 8:14:02 PM io.gapi.emulators.netty.NotFoundHandler handleRequest
INFO: Unknown request URI: /v1/health
 {"metadata":{"emulator":{"name":"firestore"},"message":"Jan 03, 2026 8:14:02 PM io.gapi.emulators.netty.NotFoundHandler handleRequest\r\nINFO: Unknown request URI: /v1/health\r\n"}}
[debug] [2026-01-03T14:44:32.742Z] Jan 03, 2026 8:14:32 PM io.gapi.emulators.netty.HttpVersionRoutingHandler channelRead
INFO: Detected non-HTTP/2 connection.
 {"metadata":{"emulator":{"name":"firestore"},"message":"Jan 03, 2026 8:14:32 PM io.gapi.emulators.netty.HttpVersionRoutingHandler channelRead\r\nINFO: Detected non-HTTP/2 connection.\r\n"}}
[debug] [2026-01-03T14:44:32.751Z] Jan 03, 2026 8:14:32 PM io.gapi.emulators.netty.NotFoundHandler handleRequest
INFO: Unknown request URI: /v1/health
 {"metadata":{"emulator":{"name":"firestore"},"message":"Jan 03, 2026 8:14:32 PM io.gapi.emulators.netty.NotFoundHandler handleRequest\r\nINFO: Unknown request URI: /v1/health\r\n"}}
[debug] [2026-01-03T14:45:02.750Z] Jan 03, 2026 8:15:02 PM io.gapi.emulators.netty.HttpVersionRoutingHandler channelRead
INFO: Detected non-HTTP/2 connection.
 {"metadata":{"emulator":{"name":"firestore"},"message":"Jan 03, 2026 8:15:02 PM io.gapi.emulators.netty.HttpVersionRoutingHandler channelRead\r\nINFO: Detected non-HTTP/2 connection.\r\n"}}
[debug] [2026-01-03T14:45:02.769Z] Jan 03, 2026 8:15:02 PM io.gapi.emulators.netty.NotFoundHandler handleRequest
INFO: Unknown request URI: /v1/health
 {"metadata":{"emulator":{"name":"firestore"},"message":"Jan 03, 2026 8:15:02 PM io.gapi.emulators.netty.NotFoundHandler handleRequest\r\nINFO: Unknown request URI: /v1/health\r\n"}}
[debug] [2026-01-03T14:45:32.760Z] Jan 03, 2026 8:15:32 PM io.gapi.emulators.netty.HttpVersionRoutingHandler channelRead
INFO: Detected non-HTTP/2 connection.
 {"metadata":{"emulator":{"name":"firestore"},"message":"Jan 03, 2026 8:15:32 PM io.gapi.emulators.netty.HttpVersionRoutingHandler channelRead\r\nINFO: Detected non-HTTP/2 connection.\r\n"}}
[debug] [2026-01-03T14:45:32.775Z] Jan 03, 2026 8:15:32 PM io.gapi.emulators.netty.NotFoundHandler handleRequest
INFO: Unknown request URI: /v1/health
 {"metadata":{"emulator":{"name":"firestore"},"message":"Jan 03, 2026 8:15:32 PM io.gapi.emulators.netty.NotFoundHandler handleRequest\r\nINFO: Unknown request URI: /v1/health\r\n"}}
[debug] [2026-01-03T14:46:02.761Z] Jan 03, 2026 8:16:02 PM io.gapi.emulators.netty.HttpVersionRoutingHandler channelRead
INFO: Detected non-HTTP/2 connection.
 {"metadata":{"emulator":{"name":"firestore"},"message":"Jan 03, 2026 8:16:02 PM io.gapi.emulators.netty.HttpVersionRoutingHandler channelRead\r\nINFO: Detected non-HTTP/2 connection.\r\n"}}
[debug] [2026-01-03T14:46:02.773Z] Jan 03, 2026 8:16:02 PM io.gapi.emulators.netty.NotFoundHandler handleRequest
INFO: Unknown request URI: /v1/health
 {"metadata":{"emulator":{"name":"firestore"},"message":"Jan 03, 2026 8:16:02 PM io.gapi.emulators.netty.NotFoundHandler handleRequest\r\nINFO: Unknown request URI: /v1/health\r\n"}}
[debug] [2026-01-03T14:46:32.764Z] Jan 03, 2026 8:16:32 PM io.gapi.emulators.netty.HttpVersionRoutingHandler channelRead
INFO: Detected non-HTTP/2 connection.
 {"metadata":{"emulator":{"name":"firestore"},"message":"Jan 03, 2026 8:16:32 PM io.gapi.emulators.netty.HttpVersionRoutingHandler channelRead\r\nINFO: Detected non-HTTP/2 connection.\r\n"}}
[debug] [2026-01-03T14:46:32.771Z] Jan 03, 2026 8:16:32 PM io.gapi.emulators.netty.NotFoundHandler handleRequest
INFO: Unknown request URI: /v1/health
 {"metadata":{"emulator":{"name":"firestore"},"message":"Jan 03, 2026 8:16:32 PM io.gapi.emulators.netty.NotFoundHandler handleRequest\r\nINFO: Unknown request URI: /v1/health\r\n"}}
[debug] [2026-01-03T14:47:02.764Z] Jan 03, 2026 8:17:02 PM io.gapi.emulators.netty.HttpVersionRoutingHandler channelRead
INFO: Detected non-HTTP/2 connection.
 {"metadata":{"emulator":{"name":"firestore"},"message":"Jan 03, 2026 8:17:02 PM io.gapi.emulators.netty.HttpVersionRoutingHandler channelRead\r\nINFO: Detected non-HTTP/2 connection.\r\n"}}
[debug] [2026-01-03T14:47:02.777Z] Jan 03, 2026 8:17:02 PM io.gapi.emulators.netty.NotFoundHandler handleRequest
INFO: Unknown request URI: /v1/health
 {"metadata":{"emulator":{"name":"firestore"},"message":"Jan 03, 2026 8:17:02 PM io.gapi.emulators.netty.NotFoundHandler handleRequest\r\nINFO: Unknown request URI: /v1/health\r\n"}}
[debug] [2026-01-03T14:47:32.766Z] Jan 03, 2026 8:17:32 PM io.gapi.emulators.netty.HttpVersionRoutingHandler channelRead
INFO: Detected non-HTTP/2 connection.
 {"metadata":{"emulator":{"name":"firestore"},"message":"Jan 03, 2026 8:17:32 PM io.gapi.emulators.netty.HttpVersionRoutingHandler channelRead\r\nINFO: Detected non-HTTP/2 connection.\r\n"}}
[debug] [2026-01-03T14:47:32.771Z] Jan 03, 2026 8:17:32 PM io.gapi.emulators.netty.NotFoundHandler handleRequest
INFO: Unknown request URI: /v1/health
 {"metadata":{"emulator":{"name":"firestore"},"message":"Jan 03, 2026 8:17:32 PM io.gapi.emulators.netty.NotFoundHandler handleRequest\r\nINFO: Unknown request URI: /v1/health\r\n"}}
[debug] [2026-01-03T14:48:02.771Z] Jan 03, 2026 8:18:02 PM io.gapi.emulators.netty.HttpVersionRoutingHandler channelRead
INFO: Detected non-HTTP/2 connection.
 {"metadata":{"emulator":{"name":"firestore"},"message":"Jan 03, 2026 8:18:02 PM io.gapi.emulators.netty.HttpVersionRoutingHandler channelRead\r\nINFO: Detected non-HTTP/2 connection.\r\n"}}
[debug] [2026-01-03T14:48:02.786Z] Jan 03, 2026 8:18:02 PM io.gapi.emulators.netty.NotFoundHandler handleRequest
INFO: Unknown request URI: /v1/health
 {"metadata":{"emulator":{"name":"firestore"},"message":"Jan 03, 2026 8:18:02 PM io.gapi.emulators.netty.NotFoundHandler handleRequest\r\nINFO: Unknown request URI: /v1/health\r\n"}}
[debug] [2026-01-03T14:48:32.784Z] Jan 03, 2026 8:18:32 PM io.gapi.emulators.netty.HttpVersionRoutingHandler channelRead
INFO: Detected non-HTTP/2 connection.
 {"metadata":{"emulator":{"name":"firestore"},"message":"Jan 03, 2026 8:18:32 PM io.gapi.emulators.netty.HttpVersionRoutingHandler channelRead\r\nINFO: Detected non-HTTP/2 connection.\r\n"}}
[debug] [2026-01-03T14:48:32.788Z] Jan 03, 2026 8:18:32 PM io.gapi.emulators.netty.NotFoundHandler handleRequest
INFO: Unknown request URI: /v1/health
 {"metadata":{"emulator":{"name":"firestore"},"message":"Jan 03, 2026 8:18:32 PM io.gapi.emulators.netty.NotFoundHandler handleRequest\r\nINFO: Unknown request URI: /v1/health\r\n"}}
[debug] [2026-01-03T14:49:02.785Z] Jan 03, 2026 8:19:02 PM io.gapi.emulators.netty.HttpVersionRoutingHandler channelRead
INFO: Detected non-HTTP/2 connection.
 {"metadata":{"emulator":{"name":"firestore"},"message":"Jan 03, 2026 8:19:02 PM io.gapi.emulators.netty.HttpVersionRoutingHandler channelRead\r\nINFO: Detected non-HTTP/2 connection.\r\n"}}
[debug] [2026-01-03T14:49:02.791Z] Jan 03, 2026 8:19:02 PM io.gapi.emulators.netty.NotFoundHandler handleRequest
INFO: Unknown request URI: /v1/health
 {"metadata":{"emulator":{"name":"firestore"},"message":"Jan 03, 2026 8:19:02 PM io.gapi.emulators.netty.NotFoundHandler handleRequest\r\nINFO: Unknown request URI: /v1/health\r\n"}}
[debug] [2026-01-03T14:49:32.793Z] Jan 03, 2026 8:19:32 PM io.gapi.emulators.netty.HttpVersionRoutingHandler channelRead
INFO: Detected non-HTTP/2 connection.
 {"metadata":{"emulator":{"name":"firestore"},"message":"Jan 03, 2026 8:19:32 PM io.gapi.emulators.netty.HttpVersionRoutingHandler channelRead\r\nINFO: Detected non-HTTP/2 connection.\r\n"}}
[debug] [2026-01-03T14:49:32.804Z] Jan 03, 2026 8:19:32 PM io.gapi.emulators.netty.NotFoundHandler handleRequest
INFO: Unknown request URI: /v1/health
 {"metadata":{"emulator":{"name":"firestore"},"message":"Jan 03, 2026 8:19:32 PM io.gapi.emulators.netty.NotFoundHandler handleRequest\r\nINFO: Unknown request URI: /v1/health\r\n"}}
[debug] [2026-01-03T14:50:02.803Z] Jan 03, 2026 8:20:02 PM io.gapi.emulators.netty.HttpVersionRoutingHandler channelRead
INFO: Detected non-HTTP/2 connection.
 {"metadata":{"emulator":{"name":"firestore"},"message":"Jan 03, 2026 8:20:02 PM io.gapi.emulators.netty.HttpVersionRoutingHandler channelRead\r\nINFO: Detected non-HTTP/2 connection.\r\n"}}
[debug] [2026-01-03T14:50:02.813Z] Jan 03, 2026 8:20:02 PM io.gapi.emulators.netty.NotFoundHandler handleRequest
INFO: Unknown request URI: /v1/health
 {"metadata":{"emulator":{"name":"firestore"},"message":"Jan 03, 2026 8:20:02 PM io.gapi.emulators.netty.NotFoundHandler handleRequest\r\nINFO: Unknown request URI: /v1/health\r\n"}}
[debug] [2026-01-03T14:50:32.813Z] Jan 03, 2026 8:20:32 PM io.gapi.emulators.netty.HttpVersionRoutingHandler channelRead
INFO: Detected non-HTTP/2 connection.
 {"metadata":{"emulator":{"name":"firestore"},"message":"Jan 03, 2026 8:20:32 PM io.gapi.emulators.netty.HttpVersionRoutingHandler channelRead\r\nINFO: Detected non-HTTP/2 connection.\r\n"}}
[debug] [2026-01-03T14:50:32.825Z] Jan 03, 2026 8:20:32 PM io.gapi.emulators.netty.NotFoundHandler handleRequest
INFO: Unknown request URI: /v1/health
 {"metadata":{"emulator":{"name":"firestore"},"message":"Jan 03, 2026 8:20:32 PM io.gapi.emulators.netty.NotFoundHandler handleRequest\r\nINFO: Unknown request URI: /v1/health\r\n"}}
[debug] [2026-01-03T14:51:02.816Z] Jan 03, 2026 8:21:02 PM io.gapi.emulators.netty.HttpVersionRoutingHandler channelRead
INFO: Detected non-HTTP/2 connection.
 {"metadata":{"emulator":{"name":"firestore"},"message":"Jan 03, 2026 8:21:02 PM io.gapi.emulators.netty.HttpVersionRoutingHandler channelRead\r\nINFO: Detected non-HTTP/2 connection.\r\n"}}
[debug] [2026-01-03T14:51:02.825Z] Jan 03, 2026 8:21:02 PM io.gapi.emulators.netty.NotFoundHandler handleRequest
INFO: Unknown request URI: /v1/health
 {"metadata":{"emulator":{"name":"firestore"},"message":"Jan 03, 2026 8:21:02 PM io.gapi.emulators.netty.NotFoundHandler handleRequest\r\nINFO: Unknown request URI: /v1/health\r\n"}}
[debug] [2026-01-03T14:51:32.819Z] Jan 03, 2026 8:21:32 PM io.gapi.emulators.netty.HttpVersionRoutingHandler channelRead
INFO: Detected non-HTTP/2 connection.
 {"metadata":{"emulator":{"name":"firestore"},"message":"Jan 03, 2026 8:21:32 PM io.gapi.emulators.netty.HttpVersionRoutingHandler channelRead\r\nINFO: Detected non-HTTP/2 connection.\r\n"}}
[debug] [2026-01-03T14:51:32.832Z] Jan 03, 2026 8:21:32 PM io.gapi.emulators.netty.NotFoundHandler handleRequest
INFO: Unknown request URI: /v1/health
 {"metadata":{"emulator":{"name":"firestore"},"message":"Jan 03, 2026 8:21:32 PM io.gapi.emulators.netty.NotFoundHandler handleRequest\r\nINFO: Unknown request URI: /v1/health\r\n"}}
[debug] [2026-01-03T14:52:02.835Z] Jan 03, 2026 8:22:02 PM io.gapi.emulators.netty.HttpVersionRoutingHandler channelRead
INFO: Detected non-HTTP/2 connection.
 {"metadata":{"emulator":{"name":"firestore"},"message":"Jan 03, 2026 8:22:02 PM io.gapi.emulators.netty.HttpVersionRoutingHandler channelRead\r\nINFO: Detected non-HTTP/2 connection.\r\n"}}
[debug] [2026-01-03T14:52:02.847Z] Jan 03, 2026 8:22:02 PM io.gapi.emulators.netty.NotFoundHandler handleRequest
INFO: Unknown request URI: /v1/health
 {"metadata":{"emulator":{"name":"firestore"},"message":"Jan 03, 2026 8:22:02 PM io.gapi.emulators.netty.NotFoundHandler handleRequest\r\nINFO: Unknown request URI: /v1/health\r\n"}}
[debug] [2026-01-03T14:52:32.833Z] Jan 03, 2026 8:22:32 PM io.gapi.emulators.netty.HttpVersionRoutingHandler channelRead
INFO: Detected non-HTTP/2 connection.
 {"metadata":{"emulator":{"name":"firestore"},"message":"Jan 03, 2026 8:22:32 PM io.gapi.emulators.netty.HttpVersionRoutingHandler channelRead\r\nINFO: Detected non-HTTP/2 connection.\r\n"}}
[debug] [2026-01-03T14:52:32.847Z] Jan 03, 2026 8:22:32 PM io.gapi.emulators.netty.NotFoundHandler handleRequest
INFO: Unknown request URI: /v1/health
 {"metadata":{"emulator":{"name":"firestore"},"message":"Jan 03, 2026 8:22:32 PM io.gapi.emulators.netty.NotFoundHandler handleRequest\r\nINFO: Unknown request URI: /v1/health\r\n"}}
[debug] [2026-01-03T14:53:02.844Z] Jan 03, 2026 8:23:02 PM io.gapi.emulators.netty.HttpVersionRoutingHandler channelRead
INFO: Detected non-HTTP/2 connection.
 {"metadata":{"emulator":{"name":"firestore"},"message":"Jan 03, 2026 8:23:02 PM io.gapi.emulators.netty.HttpVersionRoutingHandler channelRead\r\nINFO: Detected non-HTTP/2 connection.\r\n"}}
[debug] [2026-01-03T14:53:02.861Z] Jan 03, 2026 8:23:02 PM io.gapi.emulators.netty.NotFoundHandler handleRequest
INFO: Unknown request URI: /v1/health
 {"metadata":{"emulator":{"name":"firestore"},"message":"Jan 03, 2026 8:23:02 PM io.gapi.emulators.netty.NotFoundHandler handleRequest\r\nINFO: Unknown request URI: /v1/health\r\n"}}
[debug] [2026-01-03T14:53:32.849Z] Jan 03, 2026 8:23:32 PM io.gapi.emulators.netty.HttpVersionRoutingHandler channelRead
INFO: Detected non-HTTP/2 connection.
 {"metadata":{"emulator":{"name":"firestore"},"message":"Jan 03, 2026 8:23:32 PM io.gapi.emulators.netty.HttpVersionRoutingHandler channelRead\r\nINFO: Detected non-HTTP/2 connection.\r\n"}}
[debug] [2026-01-03T14:53:32.859Z] Jan 03, 2026 8:23:32 PM io.gapi.emulators.netty.NotFoundHandler handleRequest
INFO: Unknown request URI: /v1/health
 {"metadata":{"emulator":{"name":"firestore"},"message":"Jan 03, 2026 8:23:32 PM io.gapi.emulators.netty.NotFoundHandler handleRequest\r\nINFO: Unknown request URI: /v1/health\r\n"}}
[debug] [2026-01-03T14:54:02.858Z] Jan 03, 2026 8:24:02 PM io.gapi.emulators.netty.HttpVersionRoutingHandler channelRead
INFO: Detected non-HTTP/2 connection.
 {"metadata":{"emulator":{"name":"firestore"},"message":"Jan 03, 2026 8:24:02 PM io.gapi.emulators.netty.HttpVersionRoutingHandler channelRead\r\nINFO: Detected non-HTTP/2 connection.\r\n"}}
[debug] [2026-01-03T14:54:02.881Z] Jan 03, 2026 8:24:02 PM io.gapi.emulators.netty.NotFoundHandler handleRequest
INFO: Unknown request URI: /v1/health
 {"metadata":{"emulator":{"name":"firestore"},"message":"Jan 03, 2026 8:24:02 PM io.gapi.emulators.netty.NotFoundHandler handleRequest\r\nINFO: Unknown request URI: /v1/health\r\n"}}
[debug] [2026-01-03T14:54:29.408Z] Received signal SIGHUP 1
[info]  
[info] i  emulators: Received SIGHUP for the first time. Starting a clean shutdown. 
[info] i  emulators: Please wait for a clean shutdown or send the SIGHUP signal again to stop right now. 
[info] i  emulators: Shutting down emulators. {"metadata":{"emulator":{"name":"hub"},"message":"Shutting down emulators."}}
[info] i  ui: Stopping Emulator UI {"metadata":{"emulator":{"name":"ui"},"message":"Stopping Emulator UI"}}
[info] i  firestore: Stopping Firestore Emulator {"metadata":{"emulator":{"name":"firestore"},"message":"Stopping Firestore Emulator"}}
[warn] !  Firestore Emulator has exited upon receiving signal: SIGINT 
[info] i  hub: Stopping emulator hub {"metadata":{"emulator":{"name":"hub"},"message":"Stopping emulator hub"}}
[debug] [2026-01-03T14:54:29.942Z] Emulator locator file path: C:\Users\ADMIN\AppData\Local\Temp\hub-astravyn-landing.json
[info] i  logging: Stopping Logging Emulator {"metadata":{"emulator":{"name":"logging"},"message":"Stopping Logging Emulator"}}
[debug] [2026-01-03T14:54:30.160Z] Could not find VSCode notification endpoint: FetchError: request to http://localhost:40001/vscode/notify failed, reason: . If you are not running the Firebase Data Connect VSCode extension, this is expected and not an issue.
[debug] [2026-01-03T15:04:12.142Z] ----------------------------------------------------------------------
[debug] [2026-01-03T15:04:12.158Z] Command:       C:\Program Files\nodejs\node.exe C:\Users\ADMIN\AppData\Roaming\npm\node_modules\firebase-tools\lib\bin\firebase.js emulators:start --only auth firestore hosting --config firebase.json --project astravyn-landing --debug
[debug] [2026-01-03T15:04:12.159Z] CLI Version:   15.1.0
[debug] [2026-01-03T15:04:12.159Z] Platform:      win32
[debug] [2026-01-03T15:04:12.160Z] Node Version:  v22.20.0
[debug] [2026-01-03T15:04:12.161Z] Time:          Sat Jan 03 2026 20:34:12 GMT+0530 (India Standard Time)
[debug] [2026-01-03T15:04:12.161Z] ----------------------------------------------------------------------
[debug] 
[debug] [2026-01-03T15:04:16.178Z] > command requires scopes: ["email","openid","https://www.googleapis.com/auth/cloudplatformprojects.readonly","https://www.googleapis.com/auth/firebase","https://www.googleapis.com/auth/cloud-platform"]
[debug] [2026-01-03T15:04:16.181Z] > authorizing via signed-in user (likhichand@gmail.com)
[debug] [2026-01-03T15:04:16.278Z] Could not find VSCode notification endpoint: FetchError: request to http://localhost:40001/vscode/notify failed, reason: . If you are not running the Firebase Data Connect VSCode extension, this is expected and not an issue.
[info] i  emulators: Shutting down emulators. {"metadata":{"emulator":{"name":"hub"},"message":"Shutting down emulators."}}
[debug] [2026-01-03T15:04:16.302Z] Could not find VSCode notification endpoint: FetchError: request to http://localhost:40001/vscode/notify failed, reason: . If you are not running the Firebase Data Connect VSCode extension, this is expected and not an issue.
[error] 
[error] Error: No emulators to start, run firebase init emulators to get started.
[debug] [2026-01-03T15:05:10.279Z] ----------------------------------------------------------------------
[debug] [2026-01-03T15:05:10.287Z] Command:       C:\Program Files\nodejs\node.exe C:\Users\ADMIN\AppData\Roaming\npm\node_modules\firebase-tools\lib\bin\firebase.js emulators:start --only auth firestore hosting --config firebase.json --project astravyn-landing --debug
[debug] [2026-01-03T15:05:10.288Z] CLI Version:   15.1.0
[debug] [2026-01-03T15:05:10.289Z] Platform:      win32
[debug] [2026-01-03T15:05:10.289Z] Node Version:  v22.20.0
[debug] [2026-01-03T15:05:10.290Z] Time:          Sat Jan 03 2026 20:35:10 GMT+0530 (India Standard Time)
[debug] [2026-01-03T15:05:10.290Z] ----------------------------------------------------------------------
[debug] 
[debug] [2026-01-03T15:05:13.976Z] > command requires scopes: ["email","openid","https://www.googleapis.com/auth/cloudplatformprojects.readonly","https://www.googleapis.com/auth/firebase","https://www.googleapis.com/auth/cloud-platform"]
[debug] [2026-01-03T15:05:13.979Z] > authorizing via signed-in user (likhichand@gmail.com)
[debug] [2026-01-03T15:05:14.076Z] Could not find VSCode notification endpoint: FetchError: request to http://localhost:40001/vscode/notify failed, reason: . If you are not running the Firebase Data Connect VSCode extension, this is expected and not an issue.
[info] i  emulators: Shutting down emulators. {"metadata":{"emulator":{"name":"hub"},"message":"Shutting down emulators."}}
[debug] [2026-01-03T15:05:14.118Z] Could not find VSCode notification endpoint: FetchError: request to http://localhost:40001/vscode/notify failed, reason: . If you are not running the Firebase Data Connect VSCode extension, this is expected and not an issue.
[error] 
[error] Error: No emulators to start, run firebase init emulators to get started.
[debug] [2026-01-03T15:05:33.492Z] ----------------------------------------------------------------------
[debug] [2026-01-03T15:05:33.514Z] Command:       C:\Program Files\nodejs\node.exe C:\Users\ADMIN\AppData\Roaming\npm\node_modules\firebase-tools\lib\bin\firebase.js emulators:start --only auth firestore hosting --config d:\vsdode---\astravyn-landing---- - Copy (2)diployed working time sheet\firebase.json --project astravyn-landing --debug
[debug] [2026-01-03T15:05:33.515Z] CLI Version:   15.1.0
[debug] [2026-01-03T15:05:33.515Z] Platform:      win32
[debug] [2026-01-03T15:05:33.516Z] Node Version:  v22.20.0
[debug] [2026-01-03T15:05:33.517Z] Time:          Sat Jan 03 2026 20:35:33 GMT+0530 (India Standard Time)
[debug] [2026-01-03T15:05:33.517Z] ----------------------------------------------------------------------
[debug] 
[debug] [2026-01-03T15:05:38.174Z] > command requires scopes: ["email","openid","https://www.googleapis.com/auth/cloudplatformprojects.readonly","https://www.googleapis.com/auth/firebase","https://www.googleapis.com/auth/cloud-platform"]
[debug] [2026-01-03T15:05:38.177Z] > authorizing via signed-in user (likhichand@gmail.com)
[debug] [2026-01-03T15:05:38.219Z] Could not find VSCode notification endpoint: FetchError: request to http://localhost:40001/vscode/notify failed, reason: . If you are not running the Firebase Data Connect VSCode extension, this is expected and not an issue.
[info] i  emulators: Shutting down emulators. {"metadata":{"emulator":{"name":"hub"},"message":"Shutting down emulators."}}
[debug] [2026-01-03T15:05:38.235Z] Could not find VSCode notification endpoint: FetchError: request to http://localhost:40001/vscode/notify failed, reason: . If you are not running the Firebase Data Connect VSCode extension, this is expected and not an issue.
[error] 
[error] Error: No emulators to start, run firebase init emulators to get started.
[debug] [2026-01-03T15:06:17.715Z] ----------------------------------------------------------------------
[debug] [2026-01-03T15:06:17.720Z] Command:       C:\Program Files\nodejs\node.exe C:\Users\ADMIN\AppData\Roaming\npm\node_modules\firebase-tools\lib\bin\firebase.js emulators:start --only hosting --config firebase.json --project astravyn-landing --debug
[debug] [2026-01-03T15:06:17.720Z] CLI Version:   15.1.0
[debug] [2026-01-03T15:06:17.721Z] Platform:      win32
[debug] [2026-01-03T15:06:17.721Z] Node Version:  v22.20.0
[debug] [2026-01-03T15:06:17.721Z] Time:          Sat Jan 03 2026 20:36:17 GMT+0530 (India Standard Time)
[debug] [2026-01-03T15:06:17.722Z] ----------------------------------------------------------------------
[debug] 
[debug] [2026-01-03T15:06:21.440Z] > command requires scopes: ["email","openid","https://www.googleapis.com/auth/cloudplatformprojects.readonly","https://www.googleapis.com/auth/firebase","https://www.googleapis.com/auth/cloud-platform"]
[debug] [2026-01-03T15:06:21.443Z] > authorizing via signed-in user (likhichand@gmail.com)
[info] i  emulators: Starting emulators: hosting {"metadata":{"emulator":{"name":"hub"},"message":"Starting emulators: hosting"}}
[debug] [2026-01-03T15:06:21.490Z] [logging] Logging Emulator only supports listening on one address (127.0.0.1). Not listening on ::1
[debug] [2026-01-03T15:06:21.494Z] [hosting] Hosting Emulator only supports listening on one address (127.0.0.1). Not listening on ::1
[debug] [2026-01-03T15:06:21.511Z] assigned listening specs for emulators {"user":{"hub":[{"address":"127.0.0.1","family":"IPv4","port":4400},{"address":"::1","family":"IPv6","port":4400}],"logging":[{"address":"127.0.0.1","family":"IPv4","port":4500}],"hosting":[{"address":"127.0.0.1","family":"IPv4","port":5000}]},"metadata":{"message":"assigned listening specs for emulators"}}
[debug] [2026-01-03T15:06:21.527Z] Emulator locator file path: C:\Users\ADMIN\AppData\Local\Temp\hub-astravyn-landing.json
[debug] [2026-01-03T15:06:21.528Z] [hub] writing locator at C:\Users\ADMIN\AppData\Local\Temp\hub-astravyn-landing.json
[debug] [2026-01-03T15:06:21.618Z] Checked if tokens are valid: false, expires at: 1767451559767
[debug] [2026-01-03T15:06:21.623Z] Checked if tokens are valid: false, expires at: 1767451559767
[debug] [2026-01-03T15:06:21.624Z] > refreshing access token with scopes: []
[debug] [2026-01-03T15:06:21.631Z] >>> [apiv2][query] POST https://www.googleapis.com/oauth2/v3/token [none]
[debug] [2026-01-03T15:06:21.631Z] >>> [apiv2][body] POST https://www.googleapis.com/oauth2/v3/token [omitted]
[debug] [2026-01-03T15:06:21.829Z] <<< [apiv2][status] POST https://www.googleapis.com/oauth2/v3/token 200
[debug] [2026-01-03T15:06:21.829Z] <<< [apiv2][body] POST https://www.googleapis.com/oauth2/v3/token [omitted]
[debug] [2026-01-03T15:06:21.842Z] >>> [apiv2][query] GET https://firebasehosting.googleapis.com/v1beta1/projects/astravyn-landing/sites 
[debug] [2026-01-03T15:06:23.452Z] <<< [apiv2][status] GET https://firebasehosting.googleapis.com/v1beta1/projects/astravyn-landing/sites 200
[debug] [2026-01-03T15:06:23.452Z] <<< [apiv2][body] GET https://firebasehosting.googleapis.com/v1beta1/projects/astravyn-landing/sites {"sites":[{"name":"projects/astravyn-landing/sites/astravyn-admin","defaultUrl":"https://astravyn-admin.web.app","type":"USER_SITE"},{"name":"projects/astravyn-landing/sites/astravyn-api","defaultUrl":"https://astravyn-api.web.app","type":"USER_SITE"},{"name":"projects/astravyn-landing/sites/astravyn-auth","defaultUrl":"https://astravyn-auth.web.app","type":"USER_SITE"},{"name":"projects/astravyn-landing/sites/astravyn-cdn","defaultUrl":"https://astravyn-cdn.web.app","type":"USER_SITE"},{"name":"projects/astravyn-landing/sites/astravyn-dating","defaultUrl":"https://astravyn-dating.web.app","type":"USER_SITE"},{"name":"projects/astravyn-landing/sites/astravyn-landing","defaultUrl":"https://astravyn-landing.web.app","type":"DEFAULT_SITE"},{"name":"projects/astravyn-landing/sites/astravyn-studio","defaultUrl":"https://astravyn-studio.web.app","type":"USER_SITE"},{"name":"projects/astravyn-landing/sites/astravyn-time","defaultUrl":"https://astravyn-time.web.app","type":"USER_SITE"}]}
[debug] [2026-01-03T15:06:23.457Z] Checked if tokens are valid: true, expires at: 1767456380830
[debug] [2026-01-03T15:06:23.460Z] Checked if tokens are valid: true, expires at: 1767456380830
[debug] [2026-01-03T15:06:23.461Z] >>> [apiv2][query] GET https://firebase.googleapis.com/v1beta1/projects/astravyn-landing/webApps/-/config [none]
[debug] [2026-01-03T15:06:23.648Z] Received signal SIGINT (Ctrl-C) 1
[info]  
[info] i  emulators: Received SIGINT (Ctrl-C) for the first time. Starting a clean shutdown. 
[info] i  emulators: Please wait for a clean shutdown or send the SIGINT (Ctrl-C) signal again to stop right now. 
[info] i  emulators: Shutting down emulators. {"metadata":{"emulator":{"name":"hub"},"message":"Shutting down emulators."}}
[info] i  hosting: Stopping Hosting Emulator {"metadata":{"emulator":{"name":"hosting"},"message":"Stopping Hosting Emulator"}}
[info] i  hub: Stopping emulator hub {"metadata":{"emulator":{"name":"hub"},"message":"Stopping emulator hub"}}
[debug] [2026-01-03T15:06:23.657Z] Emulator locator file path: C:\Users\ADMIN\AppData\Local\Temp\hub-astravyn-landing.json
[debug] [2026-01-03T15:06:23.671Z] Could not find VSCode notification endpoint: FetchError: request to http://localhost:40001/vscode/notify failed, reason: . If you are not running the Firebase Data Connect VSCode extension, this is expected and not an issue.
[debug] [2026-01-03T15:06:55.088Z] ----------------------------------------------------------------------
[debug] [2026-01-03T15:06:55.093Z] Command:       C:\Program Files\nodejs\node.exe C:\Users\ADMIN\AppData\Roaming\npm\node_modules\firebase-tools\lib\bin\firebase.js emulators:start --only auth firestore hosting --config firebase.json --project astravyn-landing --debug
[debug] [2026-01-03T15:06:55.093Z] CLI Version:   15.1.0
[debug] [2026-01-03T15:06:55.093Z] Platform:      win32
[debug] [2026-01-03T15:06:55.094Z] Node Version:  v22.20.0
[debug] [2026-01-03T15:06:55.094Z] Time:          Sat Jan 03 2026 20:36:55 GMT+0530 (India Standard Time)
[debug] [2026-01-03T15:06:55.094Z] ----------------------------------------------------------------------
[debug] 
[debug] [2026-01-03T15:06:57.718Z] > command requires scopes: ["email","openid","https://www.googleapis.com/auth/cloudplatformprojects.readonly","https://www.googleapis.com/auth/firebase","https://www.googleapis.com/auth/cloud-platform"]
[debug] [2026-01-03T15:06:57.720Z] > authorizing via signed-in user (likhichand@gmail.com)
[debug] [2026-01-03T15:06:57.818Z] Could not find VSCode notification endpoint: FetchError: request to http://localhost:40001/vscode/notify failed, reason: . If you are not running the Firebase Data Connect VSCode extension, this is expected and not an issue.
[info] i  emulators: Shutting down emulators. {"metadata":{"emulator":{"name":"hub"},"message":"Shutting down emulators."}}
[debug] [2026-01-03T15:06:57.842Z] Could not find VSCode notification endpoint: FetchError: request to http://localhost:40001/vscode/notify failed, reason: . If you are not running the Firebase Data Connect VSCode extension, this is expected and not an issue.
[error] 
[error] Error: No emulators to start, run firebase init emulators to get started.
[debug] [2026-01-03T15:07:18.586Z] ----------------------------------------------------------------------
[debug] [2026-01-03T15:07:18.592Z] Command:       C:\Program Files\nodejs\node.exe C:\Users\ADMIN\AppData\Roaming\npm\node_modules\firebase-tools\lib\bin\firebase.js emulators:start --only auth --config firebase.json --project astravyn-landing --debug
[debug] [2026-01-03T15:07:18.592Z] CLI Version:   15.1.0
[debug] [2026-01-03T15:07:18.593Z] Platform:      win32
[debug] [2026-01-03T15:07:18.593Z] Node Version:  v22.20.0
[debug] [2026-01-03T15:07:18.593Z] Time:          Sat Jan 03 2026 20:37:18 GMT+0530 (India Standard Time)
[debug] [2026-01-03T15:07:18.593Z] ----------------------------------------------------------------------
[debug] 
[debug] [2026-01-03T15:07:21.237Z] > command requires scopes: ["email","openid","https://www.googleapis.com/auth/cloudplatformprojects.readonly","https://www.googleapis.com/auth/firebase","https://www.googleapis.com/auth/cloud-platform"]
[debug] [2026-01-03T15:07:21.239Z] > authorizing via signed-in user (likhichand@gmail.com)
[info] i  emulators: Starting emulators: auth {"metadata":{"emulator":{"name":"hub"},"message":"Starting emulators: auth"}}
[debug] [2026-01-03T15:07:21.287Z] [logging] Logging Emulator only supports listening on one address (127.0.0.1). Not listening on ::1
[debug] [2026-01-03T15:07:21.288Z] [auth] Authentication Emulator only supports listening on one address (127.0.0.1). Not listening on ::1
[debug] [2026-01-03T15:07:21.289Z] assigned listening specs for emulators {"user":{"hub":[{"address":"127.0.0.1","family":"IPv4","port":4400},{"address":"::1","family":"IPv6","port":4400}],"ui":[{"address":"127.0.0.1","family":"IPv4","port":4000},{"address":"::1","family":"IPv6","port":4000}],"logging":[{"address":"127.0.0.1","family":"IPv4","port":4500}],"auth":[{"address":"127.0.0.1","family":"IPv4","port":9099}]},"metadata":{"message":"assigned listening specs for emulators"}}
[debug] [2026-01-03T15:07:21.301Z] Emulator locator file path: C:\Users\ADMIN\AppData\Local\Temp\hub-astravyn-landing.json
[debug] [2026-01-03T15:07:21.304Z] [hub] writing locator at C:\Users\ADMIN\AppData\Local\Temp\hub-astravyn-landing.json
[debug] [2026-01-03T15:07:33.546Z] Could not find VSCode notification endpoint: FetchError: request to http://localhost:40001/vscode/notify failed, reason: . If you are not running the Firebase Data Connect VSCode extension, this is expected and not an issue.
[info] 
┌─────────────────────────────────────────────────────────────┐
│ ✔  All emulators ready! It is now safe to connect your app. │
│ i  View Emulator UI at http://127.0.0.1:4000/               │
└─────────────────────────────────────────────────────────────┘

┌────────────────┬────────────────┬────────────────────────────┐
│ Emulator       │ Host:Port      │ View in Emulator UI        │
├────────────────┼────────────────┼────────────────────────────┤
│ Authentication │ 127.0.0.1:9099 │ http://127.0.0.1:4000/auth │
└────────────────┴────────────────┴────────────────────────────┘
  Emulator Hub host: 127.0.0.1 port: 4400
  Other reserved ports: 4500

Issues? Report them at https://github.com/firebase/firebase-tools/issues and attach the *-debug.log files.
 
[debug] [2026-01-03T15:18:49.897Z] Received signal SIGHUP 1
[info]  
[info] i  emulators: Received SIGHUP for the first time. Starting a clean shutdown. 
[info] i  emulators: Please wait for a clean shutdown or send the SIGHUP signal again to stop right now. 
[info] i  emulators: Shutting down emulators. {"metadata":{"emulator":{"name":"hub"},"message":"Shutting down emulators."}}
[info] i  ui: Stopping Emulator UI {"metadata":{"emulator":{"name":"ui"},"message":"Stopping Emulator UI"}}
[info] i  auth: Stopping Authentication Emulator {"metadata":{"emulator":{"name":"auth"},"message":"Stopping Authentication Emulator"}}
[info] i  hub: Stopping emulator hub {"metadata":{"emulator":{"name":"hub"},"message":"Stopping emulator hub"}}
[debug] [2026-01-03T15:18:50.419Z] Emulator locator file path: C:\Users\ADMIN\AppData\Local\Temp\hub-astravyn-landing.json
[info] i  logging: Stopping Logging Emulator {"metadata":{"emulator":{"name":"logging"},"message":"Stopping Logging Emulator"}}
[debug] [2026-01-03T15:18:50.563Z] Could not find VSCode notification endpoint: FetchError: request to http://localhost:40001/vscode/notify failed, reason: . If you are not running the Firebase Data Connect VSCode extension, this is expected and not an issue.
